Arguments: 
  /Users/shenchang/.nvm/versions/node/v14.19.1/bin/node /usr/local/bin/yarn workspace @loong-js/react add @loong-js/observer

PATH: 
  /Users/shenchang/.nvm/versions/node/v14.19.1/bin:/opt/homebrew/bin:/opt/homebrew/sbin:/usr/local/bin:/usr/bin:/bin:/usr/sbin:/sbin:/Users/shenchang/.nvm/versions/node/v14.19.1/bin:/opt/homebrew/bin:/opt/homebrew/sbin

Yarn version: 
  1.22.11

Node version: 
  14.19.1

Platform: 
  darwin x64

Trace: 
  SyntaxError: /Users/shenchang/Work/loong/packages/react/package.json: Unexpected token / in JSON at position 785
      at JSON.parse (<anonymous>)
      at /usr/local/lib/node_modules/yarn/lib/cli.js:1625:59
      at Generator.next (<anonymous>)
      at step (/usr/local/lib/node_modules/yarn/lib/cli.js:310:30)
      at /usr/local/lib/node_modules/yarn/lib/cli.js:321:13

npm manifest: 
  {
    "name": "root",
    "private": true,
    "workspaces": [
      "packages/*"
    ],
    "scripts": {
      "build": "node scripts/build.js",
      "commit": "git-cz",
      "publish:alpha": "npm run build && lerna publish",
      "lint": "eslint --ext .js,.jsx,.ts,.tsx packages/**/src/**"
    },
    "config": {
      "commitizen": {
        "path": "./node_modules/cz-lerna-changelog"
      }
    },
    "lint-staged": {
      "*.{js,jsx,ts,tsx}": [
        "npm run lint"
      ]
    },
    "devDependencies": {
      "@commitlint/cli": "^16.2.3",
      "@commitlint/config-conventional": "^16.2.1",
      "@rollup/plugin-commonjs": "^22.0.0",
      "@rollup/plugin-node-resolve": "^13.3.0",
      "@rollup/plugin-typescript": "^8.3.2",
      "@types/node": "^17.0.36",
      "chalk": "4.1.2",
      "commitizen": "^4.2.4",
      "cz-lerna-changelog": "^2.0.3",
      "eslint": "^8.13.0",
      "fs-extra": "^10.1.0",
      "husky": "^7.0.4",
      "lerna": "^4.0.0",
      "lint-staged": "^12.3.7",
      "ora": "5.4.1",
      "rollup": "^2.70.1",
      "rollup-plugin-dts": "^4.2.1",
      "tslib": "^2.3.1",
      "typescript": "^4.6.3"
    }
  }

yarn manifest: 
  No manifest

Lockfile: 
  No lockfile
